2024/12/25 18:05:16 [notice] 1#1: using the "epoll" event method
2024/12/25 18:05:16 [notice] 1#1: nginx/1.26.2
2024/12/25 18:05:16 [notice] 1#1: built by gcc 13.2.1 20240309 (Alpine 13.2.1_git20240309) 
2024/12/25 18:05:16 [notice] 1#1: OS: Linux 6.5.0-44-generic
2024/12/25 18:05:16 [notice] 1#1: getrlimit(RLIMIT_NOFILE): 1048576:1048576
2024/12/25 18:05:16 [notice] 1#1: start worker processes
2024/12/25 18:05:16 [notice] 1#1: start worker process 22
2024/12/25 18:05:16 [notice] 1#1: start worker process 23
2024/12/25 18:06:24 [notice] 1#1: signal 3 (SIGQUIT) received, shutting down
2024/12/25 18:06:24 [notice] 22#22: gracefully shutting down
2024/12/25 18:06:24 [notice] 22#22: exiting
2024/12/25 18:06:24 [notice] 22#22: exit
2024/12/25 18:06:24 [notice] 23#23: gracefully shutting down
2024/12/25 18:06:24 [notice] 23#23: exiting
2024/12/25 18:06:24 [notice] 23#23: exit
2024/12/25 18:06:24 [notice] 1#1: signal 17 (SIGCHLD) received from 23
2024/12/25 18:06:24 [notice] 1#1: worker process 23 exited with code 0
2024/12/25 18:06:24 [notice] 1#1: signal 29 (SIGIO) received
2024/12/25 18:06:24 [notice] 1#1: signal 17 (SIGCHLD) received from 22
2024/12/25 18:06:24 [notice] 1#1: worker process 22 exited with code 0
2024/12/25 18:06:24 [notice] 1#1: exit
2024/12/25 18:06:48 [notice] 1#1: using the "epoll" event method
2024/12/25 18:06:48 [notice] 1#1: nginx/1.26.2
2024/12/25 18:06:48 [notice] 1#1: built by gcc 13.2.1 20240309 (Alpine 13.2.1_git20240309) 
2024/12/25 18:06:48 [notice] 1#1: OS: Linux 6.5.0-44-generic
2024/12/25 18:06:48 [notice] 1#1: getrlimit(RLIMIT_NOFILE): 1048576:1048576
2024/12/25 18:06:48 [notice] 1#1: start worker processes
2024/12/25 18:06:48 [notice] 1#1: start worker process 22
2024/12/25 18:06:48 [notice] 1#1: start worker process 23
2024/12/25 18:06:59 [error] 22#22: *1 directory index of "/usr/share/nginx/html/" is forbidden, client: 172.22.0.1, server: localhost, request: "GET / HTTP/1.1", host: "localhost"
2024/12/25 18:07:21 [error] 23#23: *2 directory index of "/usr/share/nginx/html/" is forbidden, client: 172.22.0.1, server: localhost, request: "GET / HTTP/1.1", host: "localhost"
2024/12/25 18:07:34 [notice] 1#1: signal 3 (SIGQUIT) received, shutting down
2024/12/25 18:07:34 [notice] 23#23: gracefully shutting down
2024/12/25 18:07:34 [notice] 23#23: exiting
2024/12/25 18:07:34 [notice] 23#23: exit
2024/12/25 18:07:34 [notice] 22#22: gracefully shutting down
2024/12/25 18:07:34 [notice] 22#22: exiting
2024/12/25 18:07:34 [notice] 22#22: exit
2024/12/25 18:07:34 [notice] 1#1: signal 17 (SIGCHLD) received from 23
2024/12/25 18:07:34 [notice] 1#1: worker process 23 exited with code 0
2024/12/25 18:07:34 [notice] 1#1: signal 29 (SIGIO) received
2024/12/25 18:07:34 [notice] 1#1: signal 17 (SIGCHLD) received from 22
2024/12/25 18:07:34 [notice] 1#1: worker process 22 exited with code 0
2024/12/25 18:07:34 [notice] 1#1: exit
2024/12/26 10:46:05 [notice] 1#1: using the "epoll" event method
2024/12/26 10:46:05 [notice] 1#1: nginx/1.26.2
2024/12/26 10:46:05 [notice] 1#1: built by gcc 13.2.1 20240309 (Alpine 13.2.1_git20240309) 
2024/12/26 10:46:05 [notice] 1#1: OS: Linux 6.5.0-44-generic
2024/12/26 10:46:05 [notice] 1#1: getrlimit(RLIMIT_NOFILE): 1048576:1048576
2024/12/26 10:46:05 [notice] 1#1: start worker processes
2024/12/26 10:46:05 [notice] 1#1: start worker process 22
2024/12/26 10:46:05 [notice] 1#1: start worker process 23
2024/12/26 10:46:09 [error] 22#22: *1 directory index of "/usr/share/nginx/html/" is forbidden, client: 172.24.0.1, server: localhost, request: "GET / HTTP/1.1", host: "localhost"
2024/12/26 10:46:23 [notice] 1#1: signal 3 (SIGQUIT) received, shutting down
2024/12/26 10:46:23 [notice] 22#22: gracefully shutting down
2024/12/26 10:46:23 [notice] 23#23: gracefully shutting down
2024/12/26 10:46:23 [notice] 22#22: exiting
2024/12/26 10:46:23 [notice] 22#22: exit
2024/12/26 10:46:23 [notice] 23#23: exiting
2024/12/26 10:46:23 [notice] 23#23: exit
2024/12/26 10:46:23 [notice] 1#1: signal 17 (SIGCHLD) received from 22
2024/12/26 10:46:23 [notice] 1#1: worker process 22 exited with code 0
2024/12/26 10:46:23 [notice] 1#1: signal 29 (SIGIO) received
2024/12/26 10:46:23 [notice] 1#1: signal 17 (SIGCHLD) received from 23
2024/12/26 10:46:23 [notice] 1#1: worker process 23 exited with code 0
2024/12/26 10:46:23 [notice] 1#1: exit
2024/12/26 10:57:18 [notice] 1#1: using the "epoll" event method
2024/12/26 10:57:18 [notice] 1#1: nginx/1.26.2
2024/12/26 10:57:18 [notice] 1#1: built by gcc 13.2.1 20240309 (Alpine 13.2.1_git20240309) 
2024/12/26 10:57:18 [notice] 1#1: OS: Linux 6.5.0-44-generic
2024/12/26 10:57:18 [notice] 1#1: getrlimit(RLIMIT_NOFILE): 1048576:1048576
2024/12/26 10:57:18 [notice] 1#1: start worker processes
2024/12/26 10:57:18 [notice] 1#1: start worker process 22
2024/12/26 10:57:18 [notice] 1#1: start worker process 23
2024/12/26 11:04:44 [notice] 1#1: signal 3 (SIGQUIT) received, shutting down
2024/12/26 11:04:44 [notice] 23#23: gracefully shutting down
2024/12/26 11:04:44 [notice] 23#23: exiting
2024/12/26 11:04:44 [notice] 23#23: exit
2024/12/26 11:04:44 [notice] 22#22: gracefully shutting down
2024/12/26 11:04:44 [notice] 22#22: exiting
2024/12/26 11:04:44 [notice] 22#22: exit
2024/12/26 11:04:45 [notice] 1#1: signal 17 (SIGCHLD) received from 22
2024/12/26 11:04:45 [notice] 1#1: worker process 22 exited with code 0
2024/12/26 11:04:45 [notice] 1#1: signal 29 (SIGIO) received
2024/12/26 11:04:45 [notice] 1#1: signal 17 (SIGCHLD) received from 23
2024/12/26 11:04:45 [notice] 1#1: worker process 23 exited with code 0
2024/12/26 11:04:45 [notice] 1#1: exit
2024/12/26 11:05:29 [notice] 1#1: using the "epoll" event method
2024/12/26 11:05:29 [notice] 1#1: nginx/1.26.2
2024/12/26 11:05:29 [notice] 1#1: built by gcc 13.2.1 20240309 (Alpine 13.2.1_git20240309) 
2024/12/26 11:05:29 [notice] 1#1: OS: Linux 6.5.0-44-generic
2024/12/26 11:05:29 [notice] 1#1: getrlimit(RLIMIT_NOFILE): 1048576:1048576
2024/12/26 11:05:29 [notice] 1#1: start worker processes
2024/12/26 11:05:29 [notice] 1#1: start worker process 23
2024/12/26 11:05:29 [notice] 1#1: start worker process 24
2024/12/26 11:06:02 [notice] 1#1: signal 3 (SIGQUIT) received, shutting down
2024/12/26 11:06:02 [notice] 24#24: gracefully shutting down
2024/12/26 11:06:02 [notice] 24#24: exiting
2024/12/26 11:06:02 [notice] 23#23: gracefully shutting down
2024/12/26 11:06:02 [notice] 23#23: exiting
2024/12/26 11:06:02 [notice] 24#24: exit
2024/12/26 11:06:02 [notice] 23#23: exit
2024/12/26 11:06:03 [notice] 1#1: signal 17 (SIGCHLD) received from 24
2024/12/26 11:06:03 [notice] 1#1: worker process 23 exited with code 0
2024/12/26 11:06:03 [notice] 1#1: worker process 24 exited with code 0
2024/12/26 11:06:03 [notice] 1#1: exit
2024/12/26 11:07:00 [notice] 1#1: using the "epoll" event method
2024/12/26 11:07:00 [notice] 1#1: nginx/1.26.2
2024/12/26 11:07:00 [notice] 1#1: built by gcc 13.2.1 20240309 (Alpine 13.2.1_git20240309) 
2024/12/26 11:07:00 [notice] 1#1: OS: Linux 6.5.0-44-generic
2024/12/26 11:07:00 [notice] 1#1: getrlimit(RLIMIT_NOFILE): 1048576:1048576
2024/12/26 11:07:00 [notice] 1#1: start worker processes
2024/12/26 11:07:00 [notice] 1#1: start worker process 22
2024/12/26 11:07:00 [notice] 1#1: start worker process 23
2024/12/26 11:10:45 [notice] 1#1: signal 3 (SIGQUIT) received, shutting down
2024/12/26 11:10:45 [notice] 22#22: gracefully shutting down
2024/12/26 11:10:45 [notice] 22#22: exiting
2024/12/26 11:10:45 [notice] 23#23: gracefully shutting down
2024/12/26 11:10:45 [notice] 23#23: exiting
2024/12/26 11:10:45 [notice] 22#22: exit
2024/12/26 11:10:45 [notice] 23#23: exit
2024/12/26 11:10:45 [notice] 1#1: signal 17 (SIGCHLD) received from 22
2024/12/26 11:10:45 [notice] 1#1: worker process 22 exited with code 0
2024/12/26 11:10:45 [notice] 1#1: signal 17 (SIGCHLD) received from 23
2024/12/26 11:10:45 [notice] 1#1: worker process 23 exited with code 0
2024/12/26 11:10:45 [notice] 1#1: exit
2024/12/26 11:10:59 [notice] 1#1: using the "epoll" event method
2024/12/26 11:10:59 [notice] 1#1: nginx/1.26.2
2024/12/26 11:10:59 [notice] 1#1: built by gcc 13.2.1 20240309 (Alpine 13.2.1_git20240309) 
2024/12/26 11:10:59 [notice] 1#1: OS: Linux 6.5.0-44-generic
2024/12/26 11:10:59 [notice] 1#1: getrlimit(RLIMIT_NOFILE): 1048576:1048576
2024/12/26 11:10:59 [notice] 1#1: start worker processes
2024/12/26 11:10:59 [notice] 1#1: start worker process 21
2024/12/26 11:10:59 [notice] 1#1: start worker process 22
2024/12/26 11:11:15 [notice] 1#1: signal 3 (SIGQUIT) received, shutting down
2024/12/26 11:11:15 [notice] 22#22: gracefully shutting down
2024/12/26 11:11:15 [notice] 22#22: exiting
2024/12/26 11:11:15 [notice] 21#21: gracefully shutting down
2024/12/26 11:11:15 [notice] 21#21: exiting
2024/12/26 11:11:15 [notice] 22#22: exit
2024/12/26 11:11:15 [notice] 21#21: exit
2024/12/26 11:11:15 [notice] 1#1: signal 17 (SIGCHLD) received from 22
2024/12/26 11:11:15 [notice] 1#1: worker process 22 exited with code 0
2024/12/26 11:11:15 [notice] 1#1: worker process 21 exited with code 0
2024/12/26 11:11:15 [notice] 1#1: exit
2024/12/26 11:11:38 [notice] 1#1: using the "epoll" event method
2024/12/26 11:11:38 [notice] 1#1: nginx/1.26.2
2024/12/26 11:11:38 [notice] 1#1: built by gcc 13.2.1 20240309 (Alpine 13.2.1_git20240309) 
2024/12/26 11:11:38 [notice] 1#1: OS: Linux 6.5.0-44-generic
2024/12/26 11:11:38 [notice] 1#1: getrlimit(RLIMIT_NOFILE): 1048576:1048576
2024/12/26 11:11:38 [notice] 1#1: start worker processes
2024/12/26 11:11:38 [notice] 1#1: start worker process 23
2024/12/26 11:11:38 [notice] 1#1: start worker process 24
2024/12/26 11:13:25 [notice] 1#1: signal 3 (SIGQUIT) received, shutting down
2024/12/26 11:13:25 [notice] 23#23: gracefully shutting down
2024/12/26 11:13:25 [notice] 23#23: exiting
2024/12/26 11:13:25 [notice] 24#24: gracefully shutting down
2024/12/26 11:13:25 [notice] 24#24: exiting
2024/12/26 11:13:25 [notice] 23#23: exit
2024/12/26 11:13:25 [notice] 24#24: exit
2024/12/26 11:13:25 [notice] 1#1: signal 17 (SIGCHLD) received from 23
2024/12/26 11:13:25 [notice] 1#1: worker process 23 exited with code 0
2024/12/26 11:13:25 [notice] 1#1: worker process 24 exited with code 0
2024/12/26 11:13:25 [notice] 1#1: exit
2024/12/26 11:21:19 [notice] 1#1: using the "epoll" event method
2024/12/26 11:21:19 [notice] 1#1: nginx/1.26.2
2024/12/26 11:21:19 [notice] 1#1: built by gcc 13.2.1 20240309 (Alpine 13.2.1_git20240309) 
2024/12/26 11:21:19 [notice] 1#1: OS: Linux 6.5.0-44-generic
2024/12/26 11:21:19 [notice] 1#1: getrlimit(RLIMIT_NOFILE): 1048576:1048576
2024/12/26 11:21:19 [notice] 1#1: start worker processes
2024/12/26 11:21:19 [notice] 1#1: start worker process 22
2024/12/26 11:21:19 [notice] 1#1: start worker process 23
2024/12/26 11:21:31 [notice] 1#1: signal 3 (SIGQUIT) received, shutting down
2024/12/26 11:21:31 [notice] 22#22: gracefully shutting down
2024/12/26 11:21:31 [notice] 22#22: exiting
2024/12/26 11:21:31 [notice] 23#23: gracefully shutting down
2024/12/26 11:21:31 [notice] 22#22: exit
2024/12/26 11:21:31 [notice] 23#23: exiting
2024/12/26 11:21:31 [notice] 23#23: exit
2024/12/26 11:21:31 [notice] 1#1: signal 17 (SIGCHLD) received from 22
2024/12/26 11:21:31 [notice] 1#1: worker process 22 exited with code 0
2024/12/26 11:21:31 [notice] 1#1: signal 29 (SIGIO) received
2024/12/26 11:21:31 [notice] 1#1: signal 17 (SIGCHLD) received from 23
2024/12/26 11:21:31 [notice] 1#1: worker process 23 exited with code 0
2024/12/26 11:21:31 [notice] 1#1: exit
2024/12/26 11:41:56 [notice] 1#1: using the "epoll" event method
2024/12/26 11:41:56 [notice] 1#1: nginx/1.26.2
2024/12/26 11:41:56 [notice] 1#1: built by gcc 13.2.1 20240309 (Alpine 13.2.1_git20240309) 
2024/12/26 11:41:56 [notice] 1#1: OS: Linux 6.5.0-44-generic
2024/12/26 11:41:56 [notice] 1#1: getrlimit(RLIMIT_NOFILE): 1048576:1048576
2024/12/26 11:41:56 [notice] 1#1: start worker processes
2024/12/26 11:41:56 [notice] 1#1: start worker process 21
2024/12/26 11:41:56 [notice] 1#1: start worker process 22
2024/12/26 11:43:44 [notice] 1#1: signal 3 (SIGQUIT) received, shutting down
2024/12/26 11:43:44 [notice] 21#21: gracefully shutting down
2024/12/26 11:43:44 [notice] 21#21: exiting
2024/12/26 11:43:44 [notice] 22#22: gracefully shutting down
2024/12/26 11:43:44 [notice] 22#22: exiting
2024/12/26 11:43:44 [notice] 21#21: exit
2024/12/26 11:43:44 [notice] 22#22: exit
2024/12/26 11:43:44 [notice] 1#1: signal 17 (SIGCHLD) received from 21
2024/12/26 11:43:44 [notice] 1#1: worker process 21 exited with code 0
2024/12/26 11:43:44 [notice] 1#1: worker process 22 exited with code 0
2024/12/26 11:43:44 [notice] 1#1: exit
2024/12/26 11:49:38 [notice] 1#1: using the "epoll" event method
2024/12/26 11:49:38 [notice] 1#1: nginx/1.26.2
2024/12/26 11:49:38 [notice] 1#1: built by gcc 13.2.1 20240309 (Alpine 13.2.1_git20240309) 
2024/12/26 11:49:38 [notice] 1#1: OS: Linux 6.5.0-44-generic
2024/12/26 11:49:38 [notice] 1#1: getrlimit(RLIMIT_NOFILE): 1048576:1048576
2024/12/26 11:49:38 [notice] 1#1: start worker processes
2024/12/26 11:49:38 [notice] 1#1: start worker process 21
2024/12/26 11:49:38 [notice] 1#1: start worker process 22
2024/12/26 11:50:05 [notice] 1#1: signal 3 (SIGQUIT) received, shutting down
2024/12/26 11:50:05 [notice] 22#22: gracefully shutting down
2024/12/26 11:50:05 [notice] 21#21: gracefully shutting down
2024/12/26 11:50:05 [notice] 21#21: exiting
2024/12/26 11:50:05 [notice] 22#22: exiting
2024/12/26 11:50:05 [notice] 22#22: exit
2024/12/26 11:50:05 [notice] 21#21: exit
2024/12/26 11:50:05 [notice] 1#1: signal 17 (SIGCHLD) received from 22
2024/12/26 11:50:05 [notice] 1#1: worker process 22 exited with code 0
2024/12/26 11:50:05 [notice] 1#1: signal 29 (SIGIO) received
2024/12/26 11:50:05 [notice] 1#1: signal 17 (SIGCHLD) received from 21
2024/12/26 11:50:05 [notice] 1#1: worker process 21 exited with code 0
2024/12/26 11:50:05 [notice] 1#1: exit
2024/12/26 12:00:42 [notice] 1#1: using the "epoll" event method
2024/12/26 12:00:42 [notice] 1#1: nginx/1.26.2
2024/12/26 12:00:42 [notice] 1#1: built by gcc 13.2.1 20240309 (Alpine 13.2.1_git20240309) 
2024/12/26 12:00:42 [notice] 1#1: OS: Linux 6.5.0-44-generic
2024/12/26 12:00:42 [notice] 1#1: getrlimit(RLIMIT_NOFILE): 1048576:1048576
2024/12/26 12:00:42 [notice] 1#1: start worker processes
2024/12/26 12:00:42 [notice] 1#1: start worker process 22
2024/12/26 12:00:42 [notice] 1#1: start worker process 23
2024/12/26 12:00:57 [notice] 1#1: signal 3 (SIGQUIT) received, shutting down
2024/12/26 12:00:57 [notice] 22#22: gracefully shutting down
2024/12/26 12:00:57 [notice] 22#22: exiting
2024/12/26 12:00:57 [notice] 23#23: gracefully shutting down
2024/12/26 12:00:57 [notice] 23#23: exiting
2024/12/26 12:00:57 [notice] 22#22: exit
2024/12/26 12:00:57 [notice] 23#23: exit
2024/12/26 12:00:57 [notice] 1#1: signal 17 (SIGCHLD) received from 23
2024/12/26 12:00:57 [notice] 1#1: worker process 23 exited with code 0
2024/12/26 12:00:57 [notice] 1#1: worker process 22 exited with code 0
2024/12/26 12:00:57 [notice] 1#1: exit
2024/12/26 12:16:32 [notice] 1#1: using the "epoll" event method
2024/12/26 12:16:32 [notice] 1#1: nginx/1.26.2
2024/12/26 12:16:32 [notice] 1#1: built by gcc 13.2.1 20240309 (Alpine 13.2.1_git20240309) 
2024/12/26 12:16:32 [notice] 1#1: OS: Linux 6.5.0-44-generic
2024/12/26 12:16:32 [notice] 1#1: getrlimit(RLIMIT_NOFILE): 1048576:1048576
2024/12/26 12:16:32 [notice] 1#1: start worker processes
2024/12/26 12:16:32 [notice] 1#1: start worker process 21
2024/12/26 12:16:32 [notice] 1#1: start worker process 22
2024/12/26 12:27:38 [notice] 1#1: signal 3 (SIGQUIT) received, shutting down
2024/12/26 12:27:38 [notice] 22#22: gracefully shutting down
2024/12/26 12:27:38 [notice] 22#22: exiting
2024/12/26 12:27:38 [notice] 21#21: gracefully shutting down
2024/12/26 12:27:38 [notice] 21#21: exiting
2024/12/26 12:27:38 [notice] 22#22: exit
2024/12/26 12:27:38 [notice] 21#21: exit
2024/12/26 12:27:38 [notice] 1#1: signal 17 (SIGCHLD) received from 21
2024/12/26 12:27:38 [notice] 1#1: worker process 21 exited with code 0
2024/12/26 12:27:38 [notice] 1#1: worker process 22 exited with code 0
2024/12/26 12:27:38 [notice] 1#1: exit
